<?xml version="1.0" encoding="UTF-8"?>
<testExecutions version="1">
  <file path="/Users/ed/Documents/estudios/node_monolito/app-node-ambulance/test/unit/medic.controller.spec.ts">
    <testCase name="medic.controller list" duration="25"/>
    <testCase name="medic.controller getOne" duration="0"/>
    <testCase name="medic.controller getPage" duration="1"/>
    <testCase name="medic.controller insert" duration="1"/>
    <testCase name="medic.controller update" duration="4"/>
    <testCase name="medic.controller delete" duration="0"/>
  </file>
  <file path="/Users/ed/Documents/estudios/node_monolito/app-node-ambulance/test/unit/medic.usecase.spec.ts">
    <testCase name="medic.controller list" duration="24"/>
  </file>
</testExecutions>